<?xml version="1.0" encoding="UTF-8"?>
<testsuite xmlns:xsi="http://www.w3.org/2001/XMLSchema-instance" xsi:noNamespaceSchemaLocation="https://maven.apache.org/surefire/maven-surefire-plugin/xsd/surefire-test-report-3.0.xsd" version="3.0" name="TestSuite" time="5.09" tests="24" errors="0" skipped="16" failures="8">
  <properties>
    <property name="sun.desktop" value="windows"/>
    <property name="awt.toolkit" value="sun.awt.windows.WToolkit"/>
    <property name="file.encoding.pkg" value="sun.io"/>
    <property name="java.specification.version" value="1.8"/>
    <property name="sun.cpu.isalist" value="amd64"/>
    <property name="sun.jnu.encoding" value="Cp1251"/>
    <property name="java.class.path" value="D:\KovalenkoFinalTask\target\test-classes;D:\KovalenkoFinalTask\target\classes;C:\Users\PC2021\.m2\repository\org\testng\testng\7.4.0\testng-7.4.0.jar;C:\Users\PC2021\.m2\repository\com\beust\jcommander\1.78\jcommander-1.78.jar;C:\Users\PC2021\.m2\repository\org\webjars\jquery\3.5.1\jquery-3.5.1.jar;C:\Users\PC2021\.m2\repository\io\github\bonigarcia\webdrivermanager\5.0.1\webdrivermanager-5.0.1.jar;C:\Users\PC2021\.m2\repository\org\slf4j\slf4j-api\1.7.32\slf4j-api-1.7.32.jar;C:\Users\PC2021\.m2\repository\com\google\code\gson\gson\2.8.8\gson-2.8.8.jar;C:\Users\PC2021\.m2\repository\org\jsoup\jsoup\1.14.2\jsoup-1.14.2.jar;C:\Users\PC2021\.m2\repository\com\github\docker-java\docker-java\3.2.11\docker-java-3.2.11.jar;C:\Users\PC2021\.m2\repository\com\github\docker-java\docker-java-core\3.2.11\docker-java-core-3.2.11.jar;C:\Users\PC2021\.m2\repository\com\github\docker-java\docker-java-api\3.2.11\docker-java-api-3.2.11.jar;C:\Users\PC2021\.m2\repository\com\fasterxml\jackson\core\jackson-annotations\2.10.3\jackson-annotations-2.10.3.jar;C:\Users\PC2021\.m2\repository\commons-io\commons-io\2.6\commons-io-2.6.jar;C:\Users\PC2021\.m2\repository\org\apache\commons\commons-compress\1.20\commons-compress-1.20.jar;C:\Users\PC2021\.m2\repository\commons-lang\commons-lang\2.6\commons-lang-2.6.jar;C:\Users\PC2021\.m2\repository\com\fasterxml\jackson\core\jackson-databind\2.10.3\jackson-databind-2.10.3.jar;C:\Users\PC2021\.m2\repository\com\fasterxml\jackson\core\jackson-core\2.10.3\jackson-core-2.10.3.jar;C:\Users\PC2021\.m2\repository\org\bouncycastle\bcpkix-jdk15on\1.64\bcpkix-jdk15on-1.64.jar;C:\Users\PC2021\.m2\repository\org\bouncycastle\bcprov-jdk15on\1.64\bcprov-jdk15on-1.64.jar;C:\Users\PC2021\.m2\repository\org\slf4j\jcl-over-slf4j\1.7.30\jcl-over-slf4j-1.7.30.jar;C:\Users\PC2021\.m2\repository\com\github\docker-java\docker-java-transport-httpclient5\3.2.11\docker-java-transport-httpclient5-3.2.11.jar;C:\Users\PC2021\.m2\repository\com\github\docker-java\docker-java-transport\3.2.11\docker-java-transport-3.2.11.jar;C:\Users\PC2021\.m2\repository\org\apache\httpcomponents\client5\httpclient5\5.0.3\httpclient5-5.0.3.jar;C:\Users\PC2021\.m2\repository\org\apache\httpcomponents\core5\httpcore5\5.0.2\httpcore5-5.0.2.jar;C:\Users\PC2021\.m2\repository\commons-codec\commons-codec\1.13\commons-codec-1.13.jar;C:\Users\PC2021\.m2\repository\net\java\dev\jna\jna\5.8.0\jna-5.8.0.jar;C:\Users\PC2021\.m2\repository\com\google\guava\guava\30.1.1-jre\guava-30.1.1-jre.jar;C:\Users\PC2021\.m2\repository\com\google\guava\failureaccess\1.0.1\failureaccess-1.0.1.jar;C:\Users\PC2021\.m2\repository\com\google\guava\listenablefuture\9999.0-empty-to-avoid-conflict-with-guava\listenablefuture-9999.0-empty-to-avoid-conflict-with-guava.jar;C:\Users\PC2021\.m2\repository\com\google\code\findbugs\jsr305\3.0.2\jsr305-3.0.2.jar;C:\Users\PC2021\.m2\repository\org\checkerframework\checker-qual\3.8.0\checker-qual-3.8.0.jar;C:\Users\PC2021\.m2\repository\com\google\errorprone\error_prone_annotations\2.5.1\error_prone_annotations-2.5.1.jar;C:\Users\PC2021\.m2\repository\com\google\j2objc\j2objc-annotations\1.3\j2objc-annotations-1.3.jar;C:\Users\PC2021\.m2\repository\org\brotli\dec\0.1.2\dec-0.1.2.jar;C:\Users\PC2021\.m2\repository\org\seleniumhq\selenium\selenium-java\3.141.59\selenium-java-3.141.59.jar;C:\Users\PC2021\.m2\repository\org\seleniumhq\selenium\selenium-api\3.141.59\selenium-api-3.141.59.jar;C:\Users\PC2021\.m2\repository\org\seleniumhq\selenium\selenium-chrome-driver\3.141.59\selenium-chrome-driver-3.141.59.jar;C:\Users\PC2021\.m2\repository\org\seleniumhq\selenium\selenium-edge-driver\3.141.59\selenium-edge-driver-3.141.59.jar;C:\Users\PC2021\.m2\repository\org\seleniumhq\selenium\selenium-firefox-driver\3.141.59\selenium-firefox-driver-3.141.59.jar;C:\Users\PC2021\.m2\repository\org\seleniumhq\selenium\selenium-ie-driver\3.141.59\selenium-ie-driver-3.141.59.jar;C:\Users\PC2021\.m2\repository\org\seleniumhq\selenium\selenium-opera-driver\3.141.59\selenium-opera-driver-3.141.59.jar;C:\Users\PC2021\.m2\repository\org\seleniumhq\selenium\selenium-remote-driver\3.141.59\selenium-remote-driver-3.141.59.jar;C:\Users\PC2021\.m2\repository\org\seleniumhq\selenium\selenium-safari-driver\3.141.59\selenium-safari-driver-3.141.59.jar;C:\Users\PC2021\.m2\repository\org\seleniumhq\selenium\selenium-support\3.141.59\selenium-support-3.141.59.jar;C:\Users\PC2021\.m2\repository\net\bytebuddy\byte-buddy\1.8.15\byte-buddy-1.8.15.jar;C:\Users\PC2021\.m2\repository\org\apache\commons\commons-exec\1.3\commons-exec-1.3.jar;C:\Users\PC2021\.m2\repository\com\squareup\okhttp3\okhttp\3.11.0\okhttp-3.11.0.jar;C:\Users\PC2021\.m2\repository\com\squareup\okio\okio\1.14.0\okio-1.14.0.jar;C:\Users\PC2021\.m2\repository\org\assertj\assertj-core\3.20.2\assertj-core-3.20.2.jar;C:\Users\PC2021\.m2\repository\org\projectlombok\lombok\1.18.20\lombok-1.18.20.jar;C:\Users\PC2021\.m2\repository\com\github\javafaker\javafaker\1.0.2\javafaker-1.0.2.jar;C:\Users\PC2021\.m2\repository\org\apache\commons\commons-lang3\3.5\commons-lang3-3.5.jar;C:\Users\PC2021\.m2\repository\org\yaml\snakeyaml\1.23\snakeyaml-1.23-android.jar;C:\Users\PC2021\.m2\repository\com\github\mifmif\generex\1.0.2\generex-1.0.2.jar;C:\Users\PC2021\.m2\repository\dk\brics\automaton\automaton\1.11-8\automaton-1.11-8.jar;C:\Users\PC2021\.m2\repository\org\slf4j\slf4j-log4j12\1.7.32\slf4j-log4j12-1.7.32.jar;C:\Users\PC2021\.m2\repository\log4j\log4j\1.2.17\log4j-1.2.17.jar;C:\Users\PC2021\.m2\repository\io\qameta\allure\allure-testng\2.15.0\allure-testng-2.15.0.jar;C:\Users\PC2021\.m2\repository\io\qameta\allure\allure-java-commons\2.15.0\allure-java-commons-2.15.0.jar;C:\Users\PC2021\.m2\repository\io\qameta\allure\allure-model\2.15.0\allure-model-2.15.0.jar;C:\Users\PC2021\.m2\repository\io\qameta\allure\allure-test-filter\2.15.0\allure-test-filter-2.15.0.jar;C:\Users\PC2021\.m2\repository\io\qameta\allure\allure-cucumber6-jvm\2.15.0\allure-cucumber6-jvm-2.15.0.jar;C:\Users\PC2021\.m2\repository\io\cucumber\gherkin\18.0.0\gherkin-18.0.0.jar;C:\Users\PC2021\.m2\repository\io\cucumber\messages\15.0.0\messages-15.0.0.jar;C:\Users\PC2021\.m2\repository\io\qameta\allure\allure-junit4\2.15.0\allure-junit4-2.15.0.jar;C:\Users\PC2021\.m2\repository\junit\junit\4.13.2\junit-4.13.2.jar;C:\Users\PC2021\.m2\repository\org\hamcrest\hamcrest-core\1.3\hamcrest-core-1.3.jar;"/>
    <property name="java.vm.vendor" value="Oracle Corporation"/>
    <property name="sun.arch.data.model" value="64"/>
    <property name="user.variant" value=""/>
    <property name="java.vendor.url" value="http://java.oracle.com/"/>
    <property name="user.timezone" value="Asia/Amman"/>
    <property name="java.vm.specification.version" value="1.8"/>
    <property name="os.name" value="Windows 10"/>
    <property name="user.country" value="UA"/>
    <property name="sun.java.launcher" value="SUN_STANDARD"/>
    <property name="sun.boot.library.path" value="C:\Program Files\Java\jdk1.8.0_291\jre\bin"/>
    <property name="sun.java.command" value="C:\Users\PC2021\AppData\Local\Temp\surefire3243247580414046247\surefirebooter1852384021223919862.jar C:\Users\PC2021\AppData\Local\Temp\surefire3243247580414046247 2021-10-06T08-51-22_121-jvmRun1 surefire1013297216355599397tmp surefire_01607829248568669058tmp"/>
    <property name="surefire.test.class.path" value="D:\KovalenkoFinalTask\target\test-classes;D:\KovalenkoFinalTask\target\classes;C:\Users\PC2021\.m2\repository\org\testng\testng\7.4.0\testng-7.4.0.jar;C:\Users\PC2021\.m2\repository\com\beust\jcommander\1.78\jcommander-1.78.jar;C:\Users\PC2021\.m2\repository\org\webjars\jquery\3.5.1\jquery-3.5.1.jar;C:\Users\PC2021\.m2\repository\io\github\bonigarcia\webdrivermanager\5.0.1\webdrivermanager-5.0.1.jar;C:\Users\PC2021\.m2\repository\org\slf4j\slf4j-api\1.7.32\slf4j-api-1.7.32.jar;C:\Users\PC2021\.m2\repository\com\google\code\gson\gson\2.8.8\gson-2.8.8.jar;C:\Users\PC2021\.m2\repository\org\jsoup\jsoup\1.14.2\jsoup-1.14.2.jar;C:\Users\PC2021\.m2\repository\com\github\docker-java\docker-java\3.2.11\docker-java-3.2.11.jar;C:\Users\PC2021\.m2\repository\com\github\docker-java\docker-java-core\3.2.11\docker-java-core-3.2.11.jar;C:\Users\PC2021\.m2\repository\com\github\docker-java\docker-java-api\3.2.11\docker-java-api-3.2.11.jar;C:\Users\PC2021\.m2\repository\com\fasterxml\jackson\core\jackson-annotations\2.10.3\jackson-annotations-2.10.3.jar;C:\Users\PC2021\.m2\repository\commons-io\commons-io\2.6\commons-io-2.6.jar;C:\Users\PC2021\.m2\repository\org\apache\commons\commons-compress\1.20\commons-compress-1.20.jar;C:\Users\PC2021\.m2\repository\commons-lang\commons-lang\2.6\commons-lang-2.6.jar;C:\Users\PC2021\.m2\repository\com\fasterxml\jackson\core\jackson-databind\2.10.3\jackson-databind-2.10.3.jar;C:\Users\PC2021\.m2\repository\com\fasterxml\jackson\core\jackson-core\2.10.3\jackson-core-2.10.3.jar;C:\Users\PC2021\.m2\repository\org\bouncycastle\bcpkix-jdk15on\1.64\bcpkix-jdk15on-1.64.jar;C:\Users\PC2021\.m2\repository\org\bouncycastle\bcprov-jdk15on\1.64\bcprov-jdk15on-1.64.jar;C:\Users\PC2021\.m2\repository\org\slf4j\jcl-over-slf4j\1.7.30\jcl-over-slf4j-1.7.30.jar;C:\Users\PC2021\.m2\repository\com\github\docker-java\docker-java-transport-httpclient5\3.2.11\docker-java-transport-httpclient5-3.2.11.jar;C:\Users\PC2021\.m2\repository\com\github\docker-java\docker-java-transport\3.2.11\docker-java-transport-3.2.11.jar;C:\Users\PC2021\.m2\repository\org\apache\httpcomponents\client5\httpclient5\5.0.3\httpclient5-5.0.3.jar;C:\Users\PC2021\.m2\repository\org\apache\httpcomponents\core5\httpcore5\5.0.2\httpcore5-5.0.2.jar;C:\Users\PC2021\.m2\repository\commons-codec\commons-codec\1.13\commons-codec-1.13.jar;C:\Users\PC2021\.m2\repository\net\java\dev\jna\jna\5.8.0\jna-5.8.0.jar;C:\Users\PC2021\.m2\repository\com\google\guava\guava\30.1.1-jre\guava-30.1.1-jre.jar;C:\Users\PC2021\.m2\repository\com\google\guava\failureaccess\1.0.1\failureaccess-1.0.1.jar;C:\Users\PC2021\.m2\repository\com\google\guava\listenablefuture\9999.0-empty-to-avoid-conflict-with-guava\listenablefuture-9999.0-empty-to-avoid-conflict-with-guava.jar;C:\Users\PC2021\.m2\repository\com\google\code\findbugs\jsr305\3.0.2\jsr305-3.0.2.jar;C:\Users\PC2021\.m2\repository\org\checkerframework\checker-qual\3.8.0\checker-qual-3.8.0.jar;C:\Users\PC2021\.m2\repository\com\google\errorprone\error_prone_annotations\2.5.1\error_prone_annotations-2.5.1.jar;C:\Users\PC2021\.m2\repository\com\google\j2objc\j2objc-annotations\1.3\j2objc-annotations-1.3.jar;C:\Users\PC2021\.m2\repository\org\brotli\dec\0.1.2\dec-0.1.2.jar;C:\Users\PC2021\.m2\repository\org\seleniumhq\selenium\selenium-java\3.141.59\selenium-java-3.141.59.jar;C:\Users\PC2021\.m2\repository\org\seleniumhq\selenium\selenium-api\3.141.59\selenium-api-3.141.59.jar;C:\Users\PC2021\.m2\repository\org\seleniumhq\selenium\selenium-chrome-driver\3.141.59\selenium-chrome-driver-3.141.59.jar;C:\Users\PC2021\.m2\repository\org\seleniumhq\selenium\selenium-edge-driver\3.141.59\selenium-edge-driver-3.141.59.jar;C:\Users\PC2021\.m2\repository\org\seleniumhq\selenium\selenium-firefox-driver\3.141.59\selenium-firefox-driver-3.141.59.jar;C:\Users\PC2021\.m2\repository\org\seleniumhq\selenium\selenium-ie-driver\3.141.59\selenium-ie-driver-3.141.59.jar;C:\Users\PC2021\.m2\repository\org\seleniumhq\selenium\selenium-opera-driver\3.141.59\selenium-opera-driver-3.141.59.jar;C:\Users\PC2021\.m2\repository\org\seleniumhq\selenium\selenium-remote-driver\3.141.59\selenium-remote-driver-3.141.59.jar;C:\Users\PC2021\.m2\repository\org\seleniumhq\selenium\selenium-safari-driver\3.141.59\selenium-safari-driver-3.141.59.jar;C:\Users\PC2021\.m2\repository\org\seleniumhq\selenium\selenium-support\3.141.59\selenium-support-3.141.59.jar;C:\Users\PC2021\.m2\repository\net\bytebuddy\byte-buddy\1.8.15\byte-buddy-1.8.15.jar;C:\Users\PC2021\.m2\repository\org\apache\commons\commons-exec\1.3\commons-exec-1.3.jar;C:\Users\PC2021\.m2\repository\com\squareup\okhttp3\okhttp\3.11.0\okhttp-3.11.0.jar;C:\Users\PC2021\.m2\repository\com\squareup\okio\okio\1.14.0\okio-1.14.0.jar;C:\Users\PC2021\.m2\repository\org\assertj\assertj-core\3.20.2\assertj-core-3.20.2.jar;C:\Users\PC2021\.m2\repository\org\projectlombok\lombok\1.18.20\lombok-1.18.20.jar;C:\Users\PC2021\.m2\repository\com\github\javafaker\javafaker\1.0.2\javafaker-1.0.2.jar;C:\Users\PC2021\.m2\repository\org\apache\commons\commons-lang3\3.5\commons-lang3-3.5.jar;C:\Users\PC2021\.m2\repository\org\yaml\snakeyaml\1.23\snakeyaml-1.23-android.jar;C:\Users\PC2021\.m2\repository\com\github\mifmif\generex\1.0.2\generex-1.0.2.jar;C:\Users\PC2021\.m2\repository\dk\brics\automaton\automaton\1.11-8\automaton-1.11-8.jar;C:\Users\PC2021\.m2\repository\org\slf4j\slf4j-log4j12\1.7.32\slf4j-log4j12-1.7.32.jar;C:\Users\PC2021\.m2\repository\log4j\log4j\1.2.17\log4j-1.2.17.jar;C:\Users\PC2021\.m2\repository\io\qameta\allure\allure-testng\2.15.0\allure-testng-2.15.0.jar;C:\Users\PC2021\.m2\repository\io\qameta\allure\allure-java-commons\2.15.0\allure-java-commons-2.15.0.jar;C:\Users\PC2021\.m2\repository\io\qameta\allure\allure-model\2.15.0\allure-model-2.15.0.jar;C:\Users\PC2021\.m2\repository\io\qameta\allure\allure-test-filter\2.15.0\allure-test-filter-2.15.0.jar;C:\Users\PC2021\.m2\repository\io\qameta\allure\allure-cucumber6-jvm\2.15.0\allure-cucumber6-jvm-2.15.0.jar;C:\Users\PC2021\.m2\repository\io\cucumber\gherkin\18.0.0\gherkin-18.0.0.jar;C:\Users\PC2021\.m2\repository\io\cucumber\messages\15.0.0\messages-15.0.0.jar;C:\Users\PC2021\.m2\repository\io\qameta\allure\allure-junit4\2.15.0\allure-junit4-2.15.0.jar;C:\Users\PC2021\.m2\repository\junit\junit\4.13.2\junit-4.13.2.jar;C:\Users\PC2021\.m2\repository\org\hamcrest\hamcrest-core\1.3\hamcrest-core-1.3.jar;"/>
    <property name="sun.cpu.endian" value="little"/>
    <property name="allure.results.directory" value="D:\KovalenkoFinalTask\target/reports/allure-results"/>
    <property name="user.home" value="C:\Users\PC2021"/>
    <property name="user.language" value="uk"/>
    <property name="java.specification.vendor" value="Oracle Corporation"/>
    <property name="java.home" value="C:\Program Files\Java\jdk1.8.0_291\jre"/>
    <property name="basedir" value="D:\KovalenkoFinalTask"/>
    <property name="file.separator" value="\"/>
    <property name="line.separator" value="&#10;"/>
    <property name="java.vm.specification.vendor" value="Oracle Corporation"/>
    <property name="java.specification.name" value="Java Platform API Specification"/>
    <property name="java.awt.graphicsenv" value="sun.awt.Win32GraphicsEnvironment"/>
    <property name="surefire.real.class.path" value="C:\Users\PC2021\AppData\Local\Temp\surefire3243247580414046247\surefirebooter1852384021223919862.jar;C:\Users\PC2021\.m2\repository/org/aspectj/aspectjweaver/1.9.8.M1/aspectjweaver-1.9.8.M1.jar"/>
    <property name="sun.boot.class.path" value="C:\Program Files\Java\jdk1.8.0_291\jre\lib\resources.jar;C:\Program Files\Java\jdk1.8.0_291\jre\lib\rt.jar;C:\Program Files\Java\jdk1.8.0_291\jre\lib\sunrsasign.jar;C:\Program Files\Java\jdk1.8.0_291\jre\lib\jsse.jar;C:\Program Files\Java\jdk1.8.0_291\jre\lib\jce.jar;C:\Program Files\Java\jdk1.8.0_291\jre\lib\charsets.jar;C:\Program Files\Java\jdk1.8.0_291\jre\lib\jfr.jar;C:\Program Files\Java\jdk1.8.0_291\jre\classes"/>
    <property name="user.script" value=""/>
    <property name="sun.management.compiler" value="HotSpot 64-Bit Tiered Compilers"/>
    <property name="java.runtime.version" value="1.8.0_291-b10"/>
    <property name="user.name" value="PC2021"/>
    <property name="path.separator" value=";"/>
    <property name="os.version" value="10.0"/>
    <property name="java.endorsed.dirs" value="C:\Program Files\Java\jdk1.8.0_291\jre\lib\endorsed"/>
    <property name="java.runtime.name" value="Java(TM) SE Runtime Environment"/>
    <property name="file.encoding" value="Cp1251"/>
    <property name="browser" value=""/>
    <property name="java.vm.name" value="Java HotSpot(TM) 64-Bit Server VM"/>
    <property name="localRepository" value="C:\Users\PC2021\.m2\repository"/>
    <property name="java.vendor.url.bug" value="http://bugreport.sun.com/bugreport/"/>
    <property name="java.io.tmpdir" value="C:\Users\PC2021\AppData\Local\Temp\"/>
    <property name="java.version" value="1.8.0_291"/>
    <property name="user.dir" value="D:\KovalenkoFinalTask"/>
    <property name="os.arch" value="amd64"/>
    <property name="java.vm.specification.name" value="Java Virtual Machine Specification"/>
    <property name="java.awt.printerjob" value="sun.awt.windows.WPrinterJob"/>
    <property name="sun.os.patch.level" value=""/>
    <property name="java.library.path" value="C:\Program Files\Java\jdk1.8.0_291\jre\bin;C:\Windows\Sun\Java\bin;C:\Windows\system32;C:\Windows;C:\Windows\system32;C:\Windows;C:\Windows\System32\Wbem;C:\Windows\System32\WindowsPowerShell\v1.0\;C:\Windows\System32\OpenSSH\;C:\Program Files (x86)\NVIDIA Corporation\PhysX\Common;C:\Program Files\Git\cmd;C:\Program Files\Git\mingw64\bin;C:\Program Files\Git\usr\bin;C:\Program Files\Java\jdk1.8.0_291\bin;D:\apache-maven-3.8.1\bin;C:\Users\PC2021\AppData\Local\Microsoft\WindowsApps;."/>
    <property name="java.vm.info" value="mixed mode"/>
    <property name="java.vendor" value="Oracle Corporation"/>
    <property name="java.vm.version" value="25.291-b10"/>
    <property name="java.ext.dirs" value="C:\Program Files\Java\jdk1.8.0_291\jre\lib\ext;C:\Windows\Sun\Java\lib\ext"/>
    <property name="sun.io.unicode.encoding" value="UnicodeLittle"/>
    <property name="java.class.version" value="52.0"/>
  </properties>
  <testcase name="setUp" classname="tests.CheckTextOnTheMainPageTest" time="4.018">
    <failure message="Wrong browser" type="java.lang.IllegalStateException"><![CDATA[java.lang.IllegalStateException: Wrong browser
]]></failure>
  </testcase>
  <testcase name="checkOfInscriptionsOnTheMainPage" classname="tests.CheckTextOnTheMainPageTest" time="0">
    <skipped message="Wrong browser"/>
  </testcase>
  <testcase name="quit" classname="tests.CheckTextOnTheMainPageTest" time="0">
    <skipped/>
  </testcase>
  <testcase name="setUp" classname="tests.CheckTheNumberOfLanguagesTest" time="4.026">
    <failure message="Wrong browser" type="java.lang.IllegalStateException"><![CDATA[java.lang.IllegalStateException: Wrong browser
]]></failure>
  </testcase>
  <testcase name="checkTheNumberOfLanguagesInSelectMenuAndExistUkraineLanguage" classname="tests.CheckTheNumberOfLanguagesTest" time="0">
    <skipped message="Wrong browser"/>
  </testcase>
  <testcase name="quit" classname="tests.CheckTheNumberOfLanguagesTest" time="0">
    <skipped/>
  </testcase>
  <testcase name="setUp" classname="tests.CheckSubmenuElementsFromMenuLinksTest" time="0.03">
    <failure message="Wrong browser" type="java.lang.IllegalStateException"><![CDATA[java.lang.IllegalStateException: Wrong browser
]]></failure>
  </testcase>
  <testcase name="checkCorrectDisplayOfSubmenuItemsAfterHoveringOverTheCourseOnClothesAccessoriesAndArtMenu" classname="tests.CheckSubmenuElementsFromMenuLinksTest" time="0">
    <skipped message="Wrong browser"/>
  </testcase>
  <testcase name="quit" classname="tests.CheckSubmenuElementsFromMenuLinksTest" time="0">
    <skipped/>
  </testcase>
  <testcase name="setUp" classname="tests.RegistrationWithInvalidDataTest" time="0.124">
    <failure message="Wrong browser" type="java.lang.IllegalStateException"><![CDATA[java.lang.IllegalStateException: Wrong browser
]]></failure>
  </testcase>
  <testcase name="registrationWithInvalidFirstName" classname="tests.RegistrationWithInvalidDataTest" time="0">
    <skipped message="Wrong browser"/>
  </testcase>
  <testcase name="quit" classname="tests.RegistrationWithInvalidDataTest" time="0">
    <skipped/>
  </testcase>
  <testcase name="setUp" classname="tests.AccountCreateTest" time="0.004">
    <failure message="Wrong browser" type="java.lang.IllegalStateException"><![CDATA[java.lang.IllegalStateException: Wrong browser
]]></failure>
  </testcase>
  <testcase name="checkThatNewAccountIsCreated" classname="tests.AccountCreateTest" time="0">
    <skipped message="Wrong browser"/>
  </testcase>
  <testcase name="quit" classname="tests.AccountCreateTest" time="0">
    <skipped/>
  </testcase>
  <testcase name="setUp" classname="tests.PriceDropCheckTest" time="0.057">
    <failure message="Wrong browser" type="java.lang.IllegalStateException"><![CDATA[java.lang.IllegalStateException: Wrong browser
]]></failure>
  </testcase>
  <testcase name="checkThatEveryProductHasOldAndNewPriceAndPromoPriceCalculatesCorrect" classname="tests.PriceDropCheckTest" time="0">
    <skipped message="Wrong browser"/>
  </testcase>
  <testcase name="quit" classname="tests.PriceDropCheckTest" time="0">
    <skipped/>
  </testcase>
  <testcase name="setUp" classname="tests.CheckPopularProductsTest" time="0.004">
    <failure message="Wrong browser" type="java.lang.IllegalStateException"><![CDATA[java.lang.IllegalStateException: Wrong browser
]]></failure>
  </testcase>
  <testcase name="checkThatEveryProductHasNameAndPriceBiggerThanZero" classname="tests.CheckPopularProductsTest" time="0">
    <skipped message="Wrong browser"/>
  </testcase>
  <testcase name="quit" classname="tests.CheckPopularProductsTest" time="0">
    <skipped/>
  </testcase>
  <testcase name="setUp" classname="tests.SortingCheckTest" time="0.021">
    <failure message="Wrong browser" type="java.lang.IllegalStateException"><![CDATA[java.lang.IllegalStateException: Wrong browser
]]></failure>
  </testcase>
  <testcase name="checkTheCorrectSortByNameAndByPriceTest" classname="tests.SortingCheckTest" time="0">
    <skipped message="Wrong browser"/>
  </testcase>
  <testcase name="quit" classname="tests.SortingCheckTest" time="0">
    <skipped/>
  </testcase>
</testsuite>